                   10
                   12                    0
 O          -0.08383        1.89738        1.36591
 H           0.73283        1.39204        1.52295
 H          -0.03244        2.14228        0.42537
 O           0.04115        1.99325       -1.47002
 H           0.79596        1.35109       -1.52491
 H           0.23782        2.69599       -2.09580
 O           1.89738        0.08383       -1.36591
 H           2.14228        0.03244       -0.42537
 H           1.39204       -0.73283       -1.52295
 O          -1.89738       -0.08383       -1.36591
 H          -1.39204        0.73283       -1.52295
 H          -2.14228       -0.03244       -0.42537
                   12                    0
 H           1.35109       -0.79596        1.52491
 O           0.08383       -1.89738        1.36591
 H          -0.73283       -1.39204        1.52295
 H           0.03244       -2.14228        0.42537
 O          -0.04115       -1.99325       -1.47002
 H          -0.79596       -1.35109       -1.52491
 H          -0.23782       -2.69599       -2.09580
 H           1.39204       -0.73283       -1.52295
 O           1.99325       -0.04115        1.47002
 H           2.69599       -0.23782        2.09580
 H           2.14228        0.03244       -0.42537
 O           1.89738        0.08383       -1.36591
                   12                    0
 O          -1.99325        0.04115        1.47002
 H          -1.35109        0.79596        1.52491
 H          -0.79596       -1.35109       -1.52491
 O          -1.89738       -0.08383       -1.36591
 H          -1.39204        0.73283       -1.52295
 H          -2.14228       -0.03244       -0.42537
 H          -2.69599        0.23782        2.09580
 H          -0.73283       -1.39204        1.52295
 H           0.03244       -2.14228        0.42537
 O          -0.04115       -1.99325       -1.47002
 H          -0.23782       -2.69599       -2.09580
 O           0.08383       -1.89738        1.36591
                    9                    0
 O          -0.08383        1.89738        1.36591
 H           0.73283        1.39204        1.52295
 H          -0.03244        2.14228        0.42537
 O          -1.99325        0.04115        1.47002
 H          -2.69599        0.23782        2.09580
 H          -1.35109        0.79596        1.52491
 O           1.99325       -0.04115        1.47002
 H           1.35109       -0.79596        1.52491
 H           2.69599       -0.23782        2.09580
                    3                    0
 O           1.89738        0.08383       -1.36591
 H           2.14228        0.03244       -0.42537
 H           1.39204       -0.73283       -1.52295
                    3                    0
 O          -1.89738       -0.08383       -1.36591
 H          -1.39204        0.73283       -1.52295
 H          -2.14228       -0.03244       -0.42537
                    3                    0
 O          -0.08383        1.89738        1.36591
 H           0.73283        1.39204        1.52295
 H          -0.03244        2.14228        0.42537
                    6                    0
 O           0.08383       -1.89738        1.36591
 H          -0.73283       -1.39204        1.52295
 H           0.03244       -2.14228        0.42537
 O          -0.04115       -1.99325       -1.47002
 H          -0.23782       -2.69599       -2.09580
 H          -0.79596       -1.35109       -1.52491
                    3                    0
 O           1.99325       -0.04115        1.47002
 H           1.35109       -0.79596        1.52491
 H           2.69599       -0.23782        2.09580
                    3                    0
 O          -1.99325        0.04115        1.47002
 H          -2.69599        0.23782        2.09580
 H          -1.35109        0.79596        1.52491
